<?xml version="1.0" encoding="UTF-8"?>
<!-- Generated by org.testng.reporters.JUnitReportReporter -->
<testsuite hostname="UmairR-A555" failures="0" tests="2" name="com.qa.testcases.LoginPageTest" time="26.805" errors="0" timestamp="2020-10-15T14:59:26 CEST" skipped="0">
  <testcase classname="com.qa.testcases.LoginPageTest" name="LoginTest" time="14.267"/>
  <system-out/>
  <testcase classname="com.qa.testcases.LoginPageTest" name="titlePageTest" time="12.538"/>
  <system-out/>
</testsuite> <!-- com.qa.testcases.LoginPageTest -->
