<?xml version="1.0" encoding="UTF-8"?>
<!-- Generated by org.testng.reporters.JUnitReportReporter -->
<testsuite hostname="UmairR-A555" failures="0" tests="2" name="com.qa.testcases.ContactPageTest" time="42.866" errors="0" timestamp="2020-10-14T15:30:10 CEST" skipped="0">
  <testcase classname="com.qa.testcases.ContactPageTest" name="verifyContactPage" time="17.677"/>
  <system-out/>
  <testcase classname="com.qa.testcases.ContactPageTest" name="clickOnDropdown" time="25.189"/>
  <system-out/>
</testsuite> <!-- com.qa.testcases.ContactPageTest -->
