<?xml version="1.0" encoding="UTF-8"?>
<!-- Generated by org.testng.reporters.JUnitReportReporter -->
<testsuite hostname="UmairR-A555" failures="0" tests="3" name="com.qa.testcases.HomePageTest" time="41.708" errors="0" timestamp="2020-10-15T14:59:26 CEST" skipped="0">
  <testcase classname="com.qa.testcases.HomePageTest" name="validateHomepageTitle" time="13.168"/>
  <system-out/>
  <testcase classname="com.qa.testcases.HomePageTest" name="validateUserDisplayed" time="13.870"/>
  <system-out/>
  <testcase classname="com.qa.testcases.HomePageTest" name="clickonContacts" time="14.670"/>
  <system-out/>
</testsuite> <!-- com.qa.testcases.HomePageTest -->
