<?xml version="1.0" encoding="UTF-8"?>
<!-- Generated by org.testng.reporters.JUnitReportReporter -->
<testsuite hostname="UmairR-A555" failures="0" tests="2" name="com.qa.testcases.LoginPageTest" time="42.092" errors="0" timestamp="2020-10-14T15:30:10 CEST" skipped="0">
  <testcase classname="com.qa.testcases.LoginPageTest" name="LoginTest" time="18.045"/>
  <system-out/>
  <testcase classname="com.qa.testcases.LoginPageTest" name="titlePageTest" time="24.047"/>
  <system-out/>
</testsuite> <!-- com.qa.testcases.LoginPageTest -->
