<?xml version="1.0" encoding="UTF-8"?>
<!-- Generated by org.testng.reporters.JUnitReportReporter -->
<testsuite hostname="UmairR-A555" failures="0" tests="2" name="com.qa.testcases.NewContactTest" time="55.080" errors="0" timestamp="2020-10-15T14:59:26 CEST" skipped="0">
  <testcase classname="com.qa.testcases.NewContactTest" name="addNewContact" time="29.157"/>
  <system-out/>
  <testcase classname="com.qa.testcases.NewContactTest" name="addNewContact" time="25.923"/>
  <system-out/>
</testsuite> <!-- com.qa.testcases.NewContactTest -->
