<?xml version="1.0" encoding="UTF-8"?>
<!-- Generated by org.testng.reporters.JUnitReportReporter -->
<testsuite hostname="UmairR-A555" failures="0" tests="2" name="com.qa.testcases.ContactPageTest" time="2.674" errors="0" timestamp="15 Oct 2020 12:56:19 GMT">
  <testcase classname="com.qa.testcases.ContactPageTest" name="verifyContactPage" time="0.647"/>
  <testcase classname="com.qa.testcases.ContactPageTest" name="clickOnDropdown" time="2.027"/>
</testsuite>
