<?xml version="1.0" encoding="UTF-8"?>
<!-- Generated by org.testng.reporters.JUnitReportReporter -->
<testsuite hostname="UmairR-A555" failures="0" tests="3" name="com.qa.testcases.HomePageTest" time="3.960" errors="0" timestamp="15 Oct 2020 12:56:19 GMT">
  <testcase classname="com.qa.testcases.HomePageTest" name="clickonContacts" time="2.486"/>
  <testcase classname="com.qa.testcases.HomePageTest" name="validateHomepageTitle" time="0.028"/>
  <testcase classname="com.qa.testcases.HomePageTest" name="validateUserDisplayed" time="1.446"/>
</testsuite>
