<?xml version="1.0" encoding="UTF-8"?>
<!-- Generated by org.testng.reporters.JUnitReportReporter -->
<testsuite hostname="UmairR-A555" failures="0" tests="2" name="com.qa.testcases.NewContactTest" time="10.060" errors="0" timestamp="15 Oct 2020 12:56:19 GMT">
  <testcase classname="com.qa.testcases.NewContactTest" name="addNewContact" time="5.446"/>
  <testcase classname="com.qa.testcases.NewContactTest" name="addNewContact" time="4.614"/>
</testsuite>
